<?xml version="1.0" encoding="UTF-8"?>
<!-- Generated by org.testng.reporters.JUnitReportReporter -->
<testsuite skipped="1" hostname="AZ1400BATIGENOS" name="lk.allianz.emotor.testcases.Test_Quotation_Regression" tests="1" failures="0" timestamp="28 Dec 2018 12:29:41 GMT" time="0.000" errors="0">
  <testcase name="create_quotation_regression" time="0.000" classname="lk.allianz.emotor.testcases.Test_Quotation_Regression">
    <skipped/>
  </testcase> <!-- create_quotation_regression -->
</testsuite> <!-- lk.allianz.emotor.testcases.Test_Quotation_Regression -->
