<?xml version="1.0" encoding="UTF-8"?>
<!-- Generated by org.testng.reporters.JUnitReportReporter -->
<testsuite skipped="0" hostname="AZ1400BATIGENOS" name="lk.allianz.emotor.testcases.Test_Quotation_Regression" tests="1" failures="0" timestamp="28 Nov 2018 10:09:56 GMT" time="268.343" errors="0">
  <testcase name="create_quotation_regression" time="268.343" classname="lk.allianz.emotor.testcases.Test_Quotation_Regression"/>
</testsuite> <!-- lk.allianz.emotor.testcases.Test_Quotation_Regression -->
