<?xml version="1.0" encoding="UTF-8"?>
<!-- Generated by org.testng.reporters.JUnitReportReporter -->
<testsuite skipped="0" hostname="AZ1400BATIGENOS" name="lk.allianz.emotor.testcases.Smoke_QuotationCreation" tests="1" failures="0" timestamp="28 Nov 2018 05:40:59 GMT" time="17.162" errors="0">
  <testcase name="testPDF" time="17.162" classname="lk.allianz.emotor.testcases.Smoke_QuotationCreation"/>
</testsuite> <!-- lk.allianz.emotor.testcases.Smoke_QuotationCreation -->
