<?xml version="1.0" encoding="UTF-8"?>
<!-- Generated by org.testng.reporters.JUnitReportReporter -->
<testsuite skipped="0" hostname="AZ1400BATIGENOS" name="lk.allianz.emotor.testcases.Smoke_QuotationCreation" tests="1" failures="0" timestamp="21 Nov 2018 13:18:14 GMT" time="106.292" errors="0">
  <testcase name="test_create_company_quotation" time="106.292" classname="lk.allianz.emotor.testcases.Smoke_QuotationCreation"/>
</testsuite> <!-- lk.allianz.emotor.testcases.Smoke_QuotationCreation -->
