<?xml version="1.0" encoding="UTF-8"?>
<!-- Generated by org.testng.reporters.JUnitReportReporter -->
<testsuite skipped="0" hostname="AZ1400BATIGENOS" name="lk.allianz.emotor.testcases.Test_Quotation_Smoke" tests="1" failures="0" timestamp="19 Nov 2018 10:10:55 GMT" time="56.606" errors="0">
  <testcase name="testConfirmQuotation" time="56.606" classname="lk.allianz.emotor.testcases.Test_Quotation_Smoke"/>
</testsuite> <!-- lk.allianz.emotor.testcases.Test_Quotation_Smoke -->
