<?xml version="1.0" encoding="UTF-8"?>
<!-- Generated by org.testng.reporters.JUnitReportReporter -->
<testsuite skipped="0" hostname="AZ1400BATIGENOS" name="Emotor555pp.LoginpageTest" tests="1" failures="0" timestamp="26 Oct 2018 10:06:57 GMT" time="32.883" errors="0">
  <testcase name="testCreateQuotation" time="32.883" classname="Emotor555pp.LoginpageTest"/>
</testsuite> <!-- Emotor555pp.LoginpageTest -->
