<?xml version="1.0" encoding="UTF-8"?>
<!-- Generated by org.testng.reporters.JUnitReportReporter -->
<testsuite skipped="0" hostname="AZ1400BATIGENOS" name="lk.allianz.emotortests.Test_Quotation_Smoke" tests="1" failures="0" timestamp="16 Nov 2018 04:27:55 GMT" time="58.440" errors="0">
  <testcase name="testConfirmQuotation" time="58.440" classname="lk.allianz.emotortests.Test_Quotation_Smoke"/>
</testsuite> <!-- lk.allianz.emotortests.Test_Quotation_Smoke -->
