<?xml version="1.0" encoding="UTF-8"?>
<!-- Generated by org.testng.reporters.JUnitReportReporter -->
<testsuite skipped="0" hostname="AZ1400BATIGENOS" name="Emotor555pp.Test_createQuotation" tests="1" failures="0" timestamp="12 Nov 2018 09:19:36 GMT" time="52.812" errors="0">
  <testcase name="testConfirmQuotation" time="52.812" classname="Emotor555pp.Test_createQuotation"/>
</testsuite> <!-- Emotor555pp.Test_createQuotation -->
